<?xml version="1.0" encoding="UTF-8"?>
<testng-results skipped="0" failed="0" ignored="0" total="1" passed="1">
  <reporter-output>
  </reporter-output>
  <suite name="Default suite" duration-ms="68729" started-at="2020-06-18T15:35:51Z" finished-at="2020-06-18T15:36:59Z">
    <groups>
    </groups>
    <test name="Default test" duration-ms="68729" started-at="2020-06-18T15:35:51Z" finished-at="2020-06-18T15:36:59Z">
      <class name="AppiumPages.TestRunner">
        <test-method status="PASS" signature="SetUp()[pri:0, instance:AppiumPages.TestRunner@1f28c152]" name="SetUp" is-config="true" duration-ms="19111" started-at="2020-06-18T15:35:51Z" finished-at="2020-06-18T15:36:10Z">
          <reporter-output>
          </reporter-output>
        </test-method> <!-- SetUp -->
        <test-method status="PASS" signature="SampleTest()[pri:0, instance:AppiumPages.TestRunner@1f28c152]" name="SampleTest" duration-ms="49598" started-at="2020-06-18T15:36:10Z" finished-at="2020-06-18T15:36:59Z">
          <reporter-output>
          </reporter-output>
        </test-method> <!-- SampleTest -->
      </class> <!-- AppiumPages.TestRunner -->
    </test> <!-- Default test -->
  </suite> <!-- Default suite -->
</testng-results>
